<?xml version="1.0" encoding="utf-8" standalone="no"?>
<!--This file represents the results of running a test suite-->
<test-results name="E:\Projects\Helper\Src\HD.Helper.Test\bin\Debug\HD.Helper.Test.dll" total="1" errors="0" failures="0" not-run="0" inconclusive="0" ignored="0" skipped="0" invalid="0" date="2015-03-30" time="22:51:33">
  <environment nunit-version="2.6.4.14350" clr-version="4.0.30319.18063" os-version="Microsoft Windows NT 6.1.7601 Service Pack 1" platform="Win32NT" cwd="E:\Projects\Helper\Src\HD.Helper.Test\bin\Debug" machine-name="HODA-PC" user="Hoda" user-domain="Hoda-PC" />
  <culture-info current-culture="zh-CN" current-uiculture="zh-CN" />
  <test-suite type="Assembly" name="E:\Projects\Helper\Src\HD.Helper.Test\bin\Debug\HD.Helper.Test.dll" executed="True" result="Success" success="True" time="0.074" asserts="0">
    <results>
      <test-suite type="Namespace" name="HD" executed="True" result="Success" success="True" time="0.074" asserts="0">
        <results>
          <test-suite type="Namespace" name="Helper" executed="True" result="Success" success="True" time="0.073" asserts="0">
            <results>
              <test-suite type="Namespace" name="Test" executed="True" result="Success" success="True" time="0.073" asserts="0">
                <results>
                  <test-suite type="TestFixture" name="FileHelperTest" executed="True" result="Success" success="True" time="0.072" asserts="7">
                    <results>
                      <test-case name="HD.Helper.Test.FileHelperTest.CopyFileFromClipbordTest" executed="True" result="Success" success="True" time="0.010" asserts="0" />
                    </results>
                  </test-suite>
                </results>
              </test-suite>
            </results>
          </test-suite>
        </results>
      </test-suite>
    </results>
  </test-suite>
</test-results>